<?xml version="1.0" encoding="UTF-8"?>
<!-- Generated by org.testng.reporters.JUnitReportReporter -->
<testsuite hostname="RASH" failures="0" tests="3" name="com.Autoomation.Talks.demoProj1.test01" time="9.823" errors="0" timestamp="2024-03-19T18:59:32 EDT" skipped="0">
  <testcase classname="com.Autoomation.Talks.demoProj1.test01" name="atTest1" time="2.660"/>
  <testcase classname="com.Autoomation.Talks.demoProj1.test01" name="atTest3" time="4.621"/>
  <testcase classname="com.Autoomation.Talks.demoProj1.test01" name="atTest2" time="2.542"/>
</testsuite> <!-- com.Autoomation.Talks.demoProj1.test01 -->
