<?xml version="1.0" encoding="UTF-8"?>
<!-- Generated by org.testng.reporters.JUnitReportReporter -->
<testsuite hostname="RASH" failures="0" tests="3" name="com.Autoomation.Talks.demoProj1.test01" time="8.441" errors="0" timestamp="2024-03-19T19:09:01 EDT" skipped="0">
  <testcase classname="com.Autoomation.Talks.demoProj1.test01" name="atTest2" time="3.411"/>
  <testcase classname="com.Autoomation.Talks.demoProj1.test01" name="atTest3" time="2.538"/>
  <testcase classname="com.Autoomation.Talks.demoProj1.test01" name="atTest1" time="2.492"/>
</testsuite> <!-- com.Autoomation.Talks.demoProj1.test01 -->
